<?xml version="1.0" ?>
<coverage version="7.6.8" timestamp="1741525704080" lines-valid="585" lines-covered="479" line-rate="0.8188" branches-covered="0" branches-valid="0" branch-rate="0" complexity="0">
	<!-- Generated by coverage.py: https://coverage.readthedocs.io/en/7.6.8 -->
	<!-- Based on https://raw.githubusercontent.com/cobertura/web/master/htdocs/xml/coverage-04.dtd -->
	<sources>
		<source>/home/runner/work/SmartHashtag/SmartHashtag/custom_components</source>
	</sources>
	<packages>
		<package name="smarthashtag" line-rate="0.8188" branch-rate="0" complexity="0">
			<classes>
				<class name="__init__.py" filename="smarthashtag/__init__.py" complexity="0" line-rate="0.95" branch-rate="0">
					<methods/>
					<lines>
						<line number="6" hits="1"/>
						<line number="8" hits="1"/>
						<line number="9" hits="1"/>
						<line number="10" hits="1"/>
						<line number="11" hits="1"/>
						<line number="12" hits="1"/>
						<line number="13" hits="1"/>
						<line number="15" hits="1"/>
						<line number="17" hits="1"/>
						<line number="26" hits="1"/>
						<line number="31" hits="1"/>
						<line number="52" hits="1"/>
						<line number="61" hits="1"/>
						<line number="63" hits="1"/>
						<line number="64" hits="1"/>
						<line number="66" hits="1"/>
						<line number="69" hits="1"/>
						<line number="87" hits="1"/>
						<line number="90" hits="1"/>
						<line number="108" hits="0"/>
					</lines>
				</class>
				<class name="climate.py" filename="smarthashtag/climate.py" complexity="0" line-rate="0.7143" branch-rate="0">
					<methods/>
					<lines>
						<line number="3" hits="1"/>
						<line number="4" hits="1"/>
						<line number="5" hits="1"/>
						<line number="6" hits="1"/>
						<line number="7" hits="1"/>
						<line number="8" hits="1"/>
						<line number="9" hits="1"/>
						<line number="13" hits="1"/>
						<line number="15" hits="1"/>
						<line number="24" hits="1"/>
						<line number="44" hits="1"/>
						<line number="45" hits="1"/>
						<line number="46" hits="1"/>
						<line number="48" hits="1"/>
						<line number="50" hits="1"/>
						<line number="53" hits="1"/>
						<line number="56" hits="1"/>
						<line number="57" hits="1"/>
						<line number="58" hits="1"/>
						<line number="59" hits="1"/>
						<line number="60" hits="1"/>
						<line number="61" hits="1"/>
						<line number="62" hits="1"/>
						<line number="67" hits="1"/>
						<line number="68" hits="1"/>
						<line number="69" hits="1"/>
						<line number="70" hits="1"/>
						<line number="71" hits="1"/>
						<line number="73" hits="1"/>
						<line number="74" hits="1"/>
						<line number="75" hits="1"/>
						<line number="77" hits="1"/>
						<line number="78" hits="1"/>
						<line number="80" hits="1"/>
						<line number="87" hits="1"/>
						<line number="88" hits="1"/>
						<line number="90" hits="1"/>
						<line number="92" hits="1"/>
						<line number="93" hits="1"/>
						<line number="94" hits="1"/>
						<line number="96" hits="1"/>
						<line number="97" hits="1"/>
						<line number="99" hits="1"/>
						<line number="101" hits="1"/>
						<line number="102" hits="1"/>
						<line number="104" hits="1"/>
						<line number="106" hits="1"/>
						<line number="107" hits="1"/>
						<line number="109" hits="1"/>
						<line number="111" hits="1"/>
						<line number="117" hits="1"/>
						<line number="118" hits="1"/>
						<line number="119" hits="1"/>
						<line number="120" hits="1"/>
						<line number="121" hits="1"/>
						<line number="122" hits="1"/>
						<line number="123" hits="1"/>
						<line number="126" hits="1"/>
						<line number="127" hits="0"/>
						<line number="128" hits="0"/>
						<line number="130" hits="1"/>
						<line number="132" hits="0"/>
						<line number="135" hits="0"/>
						<line number="136" hits="0"/>
						<line number="139" hits="0"/>
						<line number="141" hits="1"/>
						<line number="143" hits="0"/>
						<line number="146" hits="0"/>
						<line number="147" hits="0"/>
						<line number="150" hits="0"/>
						<line number="152" hits="1"/>
						<line number="154" hits="0"/>
						<line number="155" hits="0"/>
						<line number="156" hits="0"/>
						<line number="157" hits="0"/>
						<line number="159" hits="1"/>
						<line number="161" hits="0"/>
						<line number="162" hits="0"/>
						<line number="163" hits="0"/>
						<line number="164" hits="0"/>
						<line number="166" hits="0"/>
						<line number="167" hits="0"/>
						<line number="169" hits="1"/>
						<line number="170" hits="1"/>
						<line number="172" hits="1"/>
						<line number="174" hits="1"/>
						<line number="176" hits="0"/>
						<line number="178" hits="1"/>
						<line number="180" hits="0"/>
						<line number="182" hits="1"/>
						<line number="184" hits="0"/>
						<line number="186" hits="1"/>
						<line number="188" hits="0"/>
						<line number="190" hits="1"/>
						<line number="192" hits="0"/>
						<line number="194" hits="1"/>
						<line number="196" hits="0"/>
						<line number="198" hits="1"/>
						<line number="200" hits="0"/>
						<line number="202" hits="1"/>
						<line number="204" hits="0"/>
						<line number="206" hits="1"/>
						<line number="208" hits="0"/>
						<line number="210" hits="1"/>
						<line number="212" hits="0"/>
					</lines>
				</class>
				<class name="config_flow.py" filename="smarthashtag/config_flow.py" complexity="0" line-rate="0.7895" branch-rate="0">
					<methods/>
					<lines>
						<line number="2" hits="1"/>
						<line number="3" hits="1"/>
						<line number="5" hits="1"/>
						<line number="6" hits="1"/>
						<line number="7" hits="1"/>
						<line number="12" hits="1"/>
						<line number="13" hits="1"/>
						<line number="14" hits="1"/>
						<line number="15" hits="1"/>
						<line number="16" hits="1"/>
						<line number="20" hits="1"/>
						<line number="33" hits="1"/>
						<line number="34" hits="1"/>
						<line number="35" hits="1"/>
						<line number="38" hits="1"/>
						<line number="41" hits="1"/>
						<line number="43" hits="1"/>
						<line number="48" hits="1"/>
						<line number="49" hits="1"/>
						<line number="50" hits="1"/>
						<line number="51" hits="1"/>
						<line number="55" hits="0"/>
						<line number="56" hits="0"/>
						<line number="57" hits="0"/>
						<line number="59" hits="1"/>
						<line number="60" hits="1"/>
						<line number="61" hits="1"/>
						<line number="63" hits="1"/>
						<line number="89" hits="1"/>
						<line number="93" hits="1"/>
						<line number="94" hits="1"/>
						<line number="95" hits="0"/>
						<line number="96" hits="1"/>
						<line number="97" hits="1"/>
						<line number="98" hits="1"/>
						<line number="103" hits="1"/>
						<line number="110" hits="1"/>
						<line number="112" hits="1"/>
						<line number="116" hits="1"/>
						<line number="117" hits="1"/>
						<line number="118" hits="1"/>
						<line number="120" hits="1"/>
						<line number="121" hits="1"/>
						<line number="122" hits="1"/>
						<line number="134" hits="0"/>
						<line number="137" hits="1"/>
						<line number="140" hits="1"/>
						<line number="141" hits="1"/>
						<line number="152" hits="0"/>
						<line number="154" hits="1"/>
						<line number="168" hits="0"/>
						<line number="170" hits="1"/>
						<line number="182" hits="0"/>
						<line number="183" hits="0"/>
						<line number="184" hits="0"/>
						<line number="186" hits="0"/>
						<line number="214" hits="0"/>
					</lines>
				</class>
				<class name="const.py" filename="smarthashtag/const.py" complexity="0" line-rate="1" branch-rate="0">
					<methods/>
					<lines>
						<line number="2" hits="1"/>
						<line number="3" hits="1"/>
						<line number="4" hits="1"/>
						<line number="6" hits="1"/>
						<line number="9" hits="1"/>
						<line number="10" hits="1"/>
						<line number="11" hits="1"/>
						<line number="12" hits="1"/>
						<line number="14" hits="1"/>
						<line number="15" hits="1"/>
						<line number="18" hits="1"/>
						<line number="21" hits="1"/>
						<line number="22" hits="1"/>
						<line number="23" hits="1"/>
						<line number="24" hits="1"/>
						<line number="25" hits="1"/>
						<line number="26" hits="1"/>
						<line number="30" hits="1"/>
						<line number="31" hits="1"/>
						<line number="32" hits="1"/>
						<line number="33" hits="1"/>
						<line number="34" hits="1"/>
						<line number="35" hits="1"/>
						<line number="36" hits="1"/>
						<line number="39" hits="1"/>
						<line number="40" hits="1"/>
						<line number="41" hits="1"/>
						<line number="42" hits="1"/>
						<line number="43" hits="1"/>
						<line number="44" hits="1"/>
						<line number="45" hits="1"/>
						<line number="46" hits="1"/>
						<line number="49" hits="1"/>
						<line number="59" hits="1"/>
						<line number="60" hits="1"/>
					</lines>
				</class>
				<class name="coordinator.py" filename="smarthashtag/coordinator.py" complexity="0" line-rate="0.8205" branch-rate="0">
					<methods/>
					<lines>
						<line number="2" hits="1"/>
						<line number="4" hits="1"/>
						<line number="6" hits="1"/>
						<line number="7" hits="1"/>
						<line number="8" hits="1"/>
						<line number="9" hits="1"/>
						<line number="10" hits="1"/>
						<line number="11" hits="1"/>
						<line number="12" hits="1"/>
						<line number="13" hits="1"/>
						<line number="14" hits="1"/>
						<line number="16" hits="1"/>
						<line number="17" hits="1"/>
						<line number="21" hits="1"/>
						<line number="24" hits="1"/>
						<line number="26" hits="1"/>
						<line number="42" hits="1"/>
						<line number="43" hits="1"/>
						<line number="50" hits="1"/>
						<line number="52" hits="1"/>
						<line number="69" hits="1"/>
						<line number="70" hits="1"/>
						<line number="71" hits="0"/>
						<line number="72" hits="0"/>
						<line number="73" hits="0"/>
						<line number="74" hits="0"/>
						<line number="75" hits="0"/>
						<line number="76" hits="0"/>
						<line number="78" hits="1"/>
						<line number="80" hits="1"/>
						<line number="81" hits="1"/>
						<line number="82" hits="1"/>
						<line number="83" hits="1"/>
						<line number="84" hits="1"/>
						<line number="85" hits="1"/>
						<line number="87" hits="1"/>
						<line number="89" hits="1"/>
						<line number="90" hits="1"/>
						<line number="99" hits="0"/>
					</lines>
				</class>
				<class name="device_tracker.py" filename="smarthashtag/device_tracker.py" complexity="0" line-rate="0.9808" branch-rate="0">
					<methods/>
					<lines>
						<line number="3" hits="1"/>
						<line number="4" hits="1"/>
						<line number="5" hits="1"/>
						<line number="7" hits="1"/>
						<line number="9" hits="1"/>
						<line number="11" hits="1"/>
						<line number="14" hits="1"/>
						<line number="32" hits="1"/>
						<line number="33" hits="1"/>
						<line number="35" hits="1"/>
						<line number="38" hits="1"/>
						<line number="41" hits="1"/>
						<line number="44" hits="1"/>
						<line number="45" hits="1"/>
						<line number="46" hits="1"/>
						<line number="47" hits="1"/>
						<line number="48" hits="1"/>
						<line number="49" hits="1"/>
						<line number="51" hits="1"/>
						<line number="57" hits="1"/>
						<line number="58" hits="1"/>
						<line number="59" hits="1"/>
						<line number="60" hits="1"/>
						<line number="61" hits="1"/>
						<line number="63" hits="1"/>
						<line number="64" hits="1"/>
						<line number="66" hits="1"/>
						<line number="68" hits="1"/>
						<line number="69" hits="1"/>
						<line number="71" hits="1"/>
						<line number="73" hits="1"/>
						<line number="74" hits="1"/>
						<line number="76" hits="1"/>
						<line number="78" hits="1"/>
						<line number="79" hits="1"/>
						<line number="81" hits="1"/>
						<line number="88" hits="1"/>
						<line number="89" hits="1"/>
						<line number="91" hits="1"/>
						<line number="93" hits="1"/>
						<line number="94" hits="1"/>
						<line number="99" hits="1"/>
						<line number="101" hits="1"/>
						<line number="102" hits="1"/>
						<line number="104" hits="1"/>
						<line number="108" hits="1"/>
						<line number="112" hits="1"/>
						<line number="115" hits="1"/>
						<line number="119" hits="1"/>
						<line number="121" hits="1"/>
						<line number="122" hits="1"/>
						<line number="123" hits="0"/>
					</lines>
				</class>
				<class name="entity.py" filename="smarthashtag/entity.py" complexity="0" line-rate="0.8824" branch-rate="0">
					<methods/>
					<lines>
						<line number="2" hits="1"/>
						<line number="4" hits="1"/>
						<line number="5" hits="1"/>
						<line number="7" hits="1"/>
						<line number="8" hits="1"/>
						<line number="9" hits="1"/>
						<line number="10" hits="1"/>
						<line number="13" hits="1"/>
						<line number="16" hits="1"/>
						<line number="17" hits="1"/>
						<line number="19" hits="1"/>
						<line number="35" hits="1"/>
						<line number="36" hits="1"/>
						<line number="37" hits="1"/>
						<line number="38" hits="1"/>
						<line number="49" hits="0"/>
						<line number="50" hits="0"/>
					</lines>
				</class>
				<class name="select.py" filename="smarthashtag/select.py" complexity="0" line-rate="0.7857" branch-rate="0">
					<methods/>
					<lines>
						<line number="3" hits="1"/>
						<line number="4" hits="1"/>
						<line number="5" hits="1"/>
						<line number="7" hits="1"/>
						<line number="10" hits="1"/>
						<line number="11" hits="1"/>
						<line number="12" hits="1"/>
						<line number="14" hits="1"/>
						<line number="21" hits="1"/>
						<line number="22" hits="1"/>
						<line number="28" hits="1"/>
						<line number="53" hits="1"/>
						<line number="78" hits="1"/>
						<line number="79" hits="1"/>
						<line number="80" hits="1"/>
						<line number="82" hits="1"/>
						<line number="83" hits="1"/>
						<line number="85" hits="1"/>
						<line number="88" hits="1"/>
						<line number="91" hits="1"/>
						<line number="98" hits="1"/>
						<line number="99" hits="1"/>
						<line number="100" hits="1"/>
						<line number="101" hits="1"/>
						<line number="104" hits="1"/>
						<line number="105" hits="1"/>
						<line number="106" hits="1"/>
						<line number="109" hits="1"/>
						<line number="110" hits="1"/>
						<line number="113" hits="0"/>
						<line number="114" hits="0"/>
						<line number="116" hits="1"/>
						<line number="118" hits="1"/>
						<line number="122" hits="0"/>
						<line number="123" hits="0"/>
						<line number="125" hits="1"/>
						<line number="126" hits="1"/>
						<line number="128" hits="1"/>
						<line number="131" hits="0"/>
						<line number="132" hits="0"/>
						<line number="135" hits="0"/>
						<line number="136" hits="0"/>
						<line number="137" hits="0"/>
						<line number="138" hits="0"/>
						<line number="139" hits="0"/>
						<line number="142" hits="0"/>
						<line number="144" hits="1"/>
						<line number="145" hits="1"/>
						<line number="147" hits="1"/>
						<line number="148" hits="1"/>
						<line number="149" hits="1"/>
						<line number="158" hits="1"/>
						<line number="160" hits="1"/>
						<line number="162" hits="1"/>
						<line number="163" hits="1"/>
						<line number="165" hits="1"/>
					</lines>
				</class>
				<class name="sensor.py" filename="smarthashtag/sensor.py" complexity="0" line-rate="0.799" branch-rate="0">
					<methods/>
					<lines>
						<line number="2" hits="1"/>
						<line number="3" hits="1"/>
						<line number="5" hits="1"/>
						<line number="7" hits="1"/>
						<line number="13" hits="1"/>
						<line number="15" hits="1"/>
						<line number="23" hits="1"/>
						<line number="24" hits="1"/>
						<line number="26" hits="1"/>
						<line number="148" hits="1"/>
						<line number="164" hits="1"/>
						<line number="243" hits="1"/>
						<line number="347" hits="1"/>
						<line number="363" hits="1"/>
						<line number="568" hits="1"/>
						<line number="855" hits="1"/>
						<line number="1036" hits="1"/>
						<line number="1038" hits="1"/>
						<line number="1041" hits="1"/>
						<line number="1043" hits="1"/>
						<line number="1046" hits="1"/>
						<line number="1069" hits="1"/>
						<line number="1070" hits="1"/>
						<line number="1072" hits="1"/>
						<line number="1082" hits="1"/>
						<line number="1092" hits="1"/>
						<line number="1102" hits="1"/>
						<line number="1112" hits="1"/>
						<line number="1122" hits="1"/>
						<line number="1132" hits="1"/>
						<line number="1143" hits="1"/>
						<line number="1146" hits="1"/>
						<line number="1171" hits="1"/>
						<line number="1172" hits="1"/>
						<line number="1173" hits="1"/>
						<line number="1174" hits="1"/>
						<line number="1175" hits="1"/>
						<line number="1176" hits="0"/>
						<line number="1177" hits="0"/>
						<line number="1179" hits="1"/>
						<line number="1180" hits="1"/>
						<line number="1193" hits="1"/>
						<line number="1194" hits="1"/>
						<line number="1195" hits="1"/>
						<line number="1199" hits="1"/>
						<line number="1200" hits="1"/>
						<line number="1201" hits="0"/>
						<line number="1202" hits="0"/>
						<line number="1204" hits="1"/>
						<line number="1206" hits="1"/>
						<line number="1207" hits="1"/>
						<line number="1218" hits="1"/>
						<line number="1219" hits="1"/>
						<line number="1220" hits="1"/>
						<line number="1224" hits="1"/>
						<line number="1225" hits="1"/>
						<line number="1226" hits="0"/>
						<line number="1227" hits="0"/>
						<line number="1229" hits="1"/>
						<line number="1232" hits="1"/>
						<line number="1235" hits="1"/>
						<line number="1252" hits="1"/>
						<line number="1253" hits="1"/>
						<line number="1254" hits="1"/>
						<line number="1255" hits="1"/>
						<line number="1257" hits="1"/>
						<line number="1258" hits="1"/>
						<line number="1260" hits="1"/>
						<line number="1261" hits="1"/>
						<line number="1268" hits="1"/>
						<line number="1269" hits="1"/>
						<line number="1270" hits="0"/>
						<line number="1278" hits="0"/>
						<line number="1282" hits="1"/>
						<line number="1284" hits="1"/>
						<line number="1285" hits="1"/>
						<line number="1286" hits="1"/>
						<line number="1288" hits="1"/>
						<line number="1289" hits="1"/>
						<line number="1290" hits="1"/>
						<line number="1291" hits="1"/>
						<line number="1294" hits="1"/>
						<line number="1295" hits="1"/>
						<line number="1296" hits="1"/>
						<line number="1297" hits="0"/>
						<line number="1299" hits="1"/>
						<line number="1300" hits="1"/>
						<line number="1302" hits="1"/>
						<line number="1304" hits="0"/>
						<line number="1305" hits="0"/>
						<line number="1308" hits="0"/>
						<line number="1310" hits="1"/>
						<line number="1311" hits="1"/>
						<line number="1313" hits="1"/>
						<line number="1314" hits="1"/>
						<line number="1320" hits="1"/>
						<line number="1321" hits="1"/>
						<line number="1323" hits="0"/>
						<line number="1324" hits="0"/>
						<line number="1328" hits="1"/>
						<line number="1331" hits="1"/>
						<line number="1334" hits="1"/>
						<line number="1340" hits="1"/>
						<line number="1341" hits="1"/>
						<line number="1342" hits="1"/>
						<line number="1344" hits="1"/>
						<line number="1345" hits="1"/>
						<line number="1347" hits="1"/>
						<line number="1348" hits="1"/>
						<line number="1349" hits="1"/>
						<line number="1350" hits="1"/>
						<line number="1357" hits="0"/>
						<line number="1358" hits="0"/>
						<line number="1361" hits="0"/>
						<line number="1363" hits="1"/>
						<line number="1364" hits="1"/>
						<line number="1366" hits="1"/>
						<line number="1367" hits="1"/>
						<line number="1368" hits="1"/>
						<line number="1369" hits="1"/>
						<line number="1377" hits="1"/>
						<line number="1378" hits="1"/>
						<line number="1380" hits="1"/>
						<line number="1382" hits="0"/>
						<line number="1383" hits="0"/>
						<line number="1386" hits="0"/>
						<line number="1389" hits="1"/>
						<line number="1392" hits="1"/>
						<line number="1398" hits="1"/>
						<line number="1399" hits="1"/>
						<line number="1400" hits="1"/>
						<line number="1402" hits="1"/>
						<line number="1403" hits="1"/>
						<line number="1405" hits="1"/>
						<line number="1406" hits="1"/>
						<line number="1407" hits="1"/>
						<line number="1408" hits="1"/>
						<line number="1409" hits="0"/>
						<line number="1410" hits="0"/>
						<line number="1412" hits="1"/>
						<line number="1417" hits="1"/>
						<line number="1418" hits="1"/>
						<line number="1419" hits="0"/>
						<line number="1427" hits="0"/>
						<line number="1430" hits="0"/>
						<line number="1432" hits="1"/>
						<line number="1433" hits="1"/>
						<line number="1435" hits="1"/>
						<line number="1436" hits="0"/>
						<line number="1437" hits="1"/>
						<line number="1439" hits="0"/>
						<line number="1440" hits="0"/>
						<line number="1443" hits="0"/>
						<line number="1445" hits="1"/>
						<line number="1446" hits="1"/>
						<line number="1448" hits="1"/>
						<line number="1449" hits="1"/>
						<line number="1450" hits="1"/>
						<line number="1451" hits="1"/>
						<line number="1452" hits="0"/>
						<line number="1453" hits="0"/>
						<line number="1455" hits="1"/>
						<line number="1459" hits="1"/>
						<line number="1460" hits="0"/>
						<line number="1461" hits="1"/>
						<line number="1463" hits="0"/>
						<line number="1464" hits="0"/>
						<line number="1467" hits="0"/>
						<line number="1470" hits="1"/>
						<line number="1473" hits="1"/>
						<line number="1495" hits="1"/>
						<line number="1502" hits="1"/>
						<line number="1503" hits="1"/>
						<line number="1505" hits="1"/>
						<line number="1506" hits="1"/>
						<line number="1508" hits="1"/>
						<line number="1509" hits="1"/>
						<line number="1510" hits="1"/>
						<line number="1511" hits="1"/>
						<line number="1512" hits="1"/>
						<line number="1516" hits="1"/>
						<line number="1517" hits="1"/>
						<line number="1518" hits="0"/>
						<line number="1519" hits="0"/>
						<line number="1520" hits="0"/>
						<line number="1522" hits="1"/>
						<line number="1524" hits="0"/>
						<line number="1525" hits="0"/>
						<line number="1528" hits="0"/>
						<line number="1531" hits="1"/>
						<line number="1534" hits="1"/>
						<line number="1555" hits="1"/>
						<line number="1562" hits="1"/>
						<line number="1563" hits="1"/>
						<line number="1566" hits="1"/>
						<line number="1569" hits="1"/>
						<line number="1589" hits="1"/>
						<line number="1596" hits="1"/>
						<line number="1597" hits="1"/>
						<line number="1600" hits="1"/>
						<line number="1603" hits="1"/>
						<line number="1623" hits="1"/>
						<line number="1630" hits="1"/>
						<line number="1631" hits="1"/>
					</lines>
				</class>
			</classes>
		</package>
	</packages>
</coverage>
